2026-05-03 15:24:41,800 [Worker-7: Loading available Gradle versions] INFO  o.e.b.c.i.u.g.PublishedGradleVersions - Gradle version information cache is not available. Remote download required.
2026-05-03 15:28:40,083 [Worker-7: Loading available Gradle versions] INFO  o.e.b.c.i.u.g.PublishedGradleVersions - Gradle version information cache is up-to-date. Trying to read.
2026-05-03 15:35:57,875 [Worker-13: 入門コンテンツのインポート] INFO  o.e.m.c.i.l.LifecycleMappingFactory - Using org.eclipse.m2e.jdt.JarLifecycleMapping lifecycle mapping for MavenProject: com.example:SpringStart03:0.0.1-SNAPSHOT @ /Users/kounoyuuta/Desktop/【Spring-超入門】初心者向け『SpringによるWebアプリ』完全入門コース/SpringStart03/pom.xml.
2026-05-03 15:35:58,237 [Worker-13: 入門コンテンツのインポート] INFO  o.e.m.c.i.e.AbstractTransferListenerAdapter - Downloading https://repo.maven.apache.org/maven2/org/springframework/boot/spring-boot-devtools/4.0.6/spring-boot-devtools-4.0.6.pom
2026-05-03 15:35:58,247 [Worker-13: 入門コンテンツのインポート] INFO  o.e.m.c.i.e.AbstractTransferListenerAdapter - Downloaded https://repo.maven.apache.org/maven2/org/springframework/boot/spring-boot-devtools/4.0.6/spring-boot-devtools-4.0.6.pom
2026-05-03 15:35:58,348 [Worker-13: 入門コンテンツのインポート] INFO  o.e.m.c.i.e.AbstractTransferListenerAdapter - Downloading https://repo.maven.apache.org/maven2/org/springframework/boot/spring-boot-devtools/4.0.6/spring-boot-devtools-4.0.6.jar
2026-05-03 15:35:58,406 [Worker-13: 入門コンテンツのインポート] INFO  o.e.m.c.i.e.AbstractTransferListenerAdapter - Downloaded https://repo.maven.apache.org/maven2/org/springframework/boot/spring-boot-devtools/4.0.6/spring-boot-devtools-4.0.6.jar
2026-05-03 15:35:58,771 [Worker-13: 入門コンテンツのインポート] INFO  o.e.m.j.i.AbstractJavaProjectConfigurator - Adding source folder /SpringStart03/src/main/java
2026-05-03 15:35:58,772 [Worker-13: 入門コンテンツのインポート] INFO  o.e.m.j.i.AbstractJavaProjectConfigurator - Adding resource folder /SpringStart03/src/main/resources
2026-05-03 15:35:58,773 [Worker-13: 入門コンテンツのインポート] INFO  o.e.m.j.i.AbstractJavaProjectConfigurator - Adding resource folder /SpringStart03/src/main/resources
2026-05-03 15:35:58,774 [Worker-13: 入門コンテンツのインポート] INFO  o.e.m.j.i.AbstractJavaProjectConfigurator - Adding source folder /SpringStart03/src/test/java
2026-05-03 15:35:58,774 [Worker-13: 入門コンテンツのインポート] INFO  o.e.m.j.i.AbstractJavaProjectConfigurator - Adding resource folder /SpringStart03/src/test/resources
2026-05-03 15:35:59,345 [Worker-13: 入門コンテンツのインポート] INFO  o.e.m.c.i.p.ProjectConfigurationManager - Imported and configured 1 project(s) in 2 sec
2026-05-03 15:35:59,347 [Worker-13: 入門コンテンツのインポート] INFO  o.e.m.c.i.p.ProjectConfigurationManager - Update started
2026-05-03 15:35:59,425 [Worker-13: 入門コンテンツのインポート] INFO  o.e.m.c.i.l.LifecycleMappingFactory - Using org.eclipse.m2e.jdt.JarLifecycleMapping lifecycle mapping for MavenProject: com.example:SpringStart03:0.0.1-SNAPSHOT @ /Users/kounoyuuta/Desktop/【Spring-超入門】初心者向け『SpringによるWebアプリ』完全入門コース/SpringStart03/pom.xml.
2026-05-03 15:35:59,525 [Worker-13: 入門コンテンツのインポート] INFO  o.e.m.j.i.AbstractJavaProjectConfigurator - Adding source folder /SpringStart03/src/main/java
2026-05-03 15:35:59,526 [Worker-13: 入門コンテンツのインポート] INFO  o.e.m.j.i.AbstractJavaProjectConfigurator - Adding resource folder /SpringStart03/src/main/resources
2026-05-03 15:35:59,526 [Worker-13: 入門コンテンツのインポート] INFO  o.e.m.j.i.AbstractJavaProjectConfigurator - Adding resource folder /SpringStart03/src/main/resources
2026-05-03 15:35:59,526 [Worker-13: 入門コンテンツのインポート] INFO  o.e.m.j.i.AbstractJavaProjectConfigurator - Adding source folder /SpringStart03/src/test/java
2026-05-03 15:35:59,526 [Worker-13: 入門コンテンツのインポート] INFO  o.e.m.j.i.AbstractJavaProjectConfigurator - Adding resource folder /SpringStart03/src/test/resources
2026-05-03 15:35:59,643 [Worker-13: 入門コンテンツのインポート] INFO  o.e.m.c.i.p.ProjectConfigurationManager - Update completed for 1 poms: local refresh takes 0.00 sec, refresh facades takes 0.00 sec, update config takes 0.00 sec 
2026-05-03 15:35:59,803 [Worker-9: ソースおよび Javadoc のダウンロード] INFO  o.e.m.c.i.e.AbstractTransferListenerAdapter - Downloading https://repo.maven.apache.org/maven2/org/springframework/boot/spring-boot-devtools/4.0.6/spring-boot-devtools-4.0.6-sources.jar
2026-05-03 15:35:59,856 [Worker-9: ソースおよび Javadoc のダウンロード] INFO  o.e.m.c.i.e.AbstractTransferListenerAdapter - Downloaded https://repo.maven.apache.org/maven2/org/springframework/boot/spring-boot-devtools/4.0.6/spring-boot-devtools-4.0.6-sources.jar
2026-05-03 15:35:59,857 [Worker-9: ソースおよび Javadoc のダウンロード] INFO  o.e.m.j.internal.DownloadSourcesJob - Downloaded sources for org.springframework.boot:spring-boot-devtools:4.0.6
2026-05-03 15:36:00,690 [Worker-14: ビルド] INFO  o.a.m.s.f.DefaultMavenResourcesFiltering - Copying 1 resource from src/main/resources to target/classes
2026-05-03 15:36:00,709 [Worker-14: ビルド] INFO  o.a.m.s.f.DefaultMavenResourcesFiltering - Copying 0 resource from src/main/resources to target/classes
2026-05-03 15:36:00,714 [Worker-14: ビルド] INFO  o.a.m.s.f.DefaultMavenResourcesFiltering - skip non existing resourceDirectory /Users/kounoyuuta/Desktop/【Spring-超入門】初心者向け『SpringによるWebアプリ』完全入門コース/SpringStart03/src/test/resources
2026-05-03 15:36:09,453 [Worker-9: ビルド] INFO  o.a.m.s.f.DefaultMavenResourcesFiltering - Copying 0 resource from src/main/resources to target/classes
2026-05-03 15:36:09,454 [Worker-9: ビルド] INFO  o.a.m.s.f.DefaultMavenResourcesFiltering - Copying 0 resource from src/main/resources to target/classes
2026-05-03 15:36:09,456 [Worker-9: ビルド] INFO  o.a.m.s.f.DefaultMavenResourcesFiltering - skip non existing resourceDirectory /Users/kounoyuuta/Desktop/【Spring-超入門】初心者向け『SpringによるWebアプリ』完全入門コース/SpringStart03/src/test/resources
2026-05-03 15:41:07,712 [Worker-15: ビルド] INFO  o.a.m.s.f.DefaultMavenResourcesFiltering - Copying 1 resource from src/main/resources to target/classes
2026-05-03 15:41:07,760 [Worker-15: ビルド] INFO  o.a.m.s.f.DefaultMavenResourcesFiltering - Copying 0 resource from src/main/resources to target/classes
2026-05-03 15:41:07,770 [Worker-15: ビルド] INFO  o.a.m.s.f.DefaultMavenResourcesFiltering - skip non existing resourceDirectory /Users/kounoyuuta/Desktop/【Spring-超入門】初心者向け『SpringによるWebアプリ』完全入門コース/SpringStart03/src/test/resources
2026-05-03 15:41:30,026 [Worker-3: ビルド] INFO  o.a.m.s.f.DefaultMavenResourcesFiltering - Copying 0 resource from src/main/resources to target/classes
2026-05-03 15:41:30,028 [Worker-3: ビルド] INFO  o.a.m.s.f.DefaultMavenResourcesFiltering - Copying 0 resource from src/main/resources to target/classes
2026-05-03 15:41:30,032 [Worker-3: ビルド] INFO  o.a.m.s.f.DefaultMavenResourcesFiltering - skip non existing resourceDirectory /Users/kounoyuuta/Desktop/【Spring-超入門】初心者向け『SpringによるWebアプリ』完全入門コース/SpringStart03/src/test/resources
2026-05-03 15:41:35,634 [Worker-15: ビルド] INFO  o.a.m.s.f.DefaultMavenResourcesFiltering - Copying 1 resource from src/main/resources to target/classes
2026-05-03 15:41:35,705 [Worker-15: ビルド] INFO  o.a.m.s.f.DefaultMavenResourcesFiltering - Copying 0 resource from src/main/resources to target/classes
2026-05-03 15:41:35,708 [Worker-15: ビルド] INFO  o.a.m.s.f.DefaultMavenResourcesFiltering - skip non existing resourceDirectory /Users/kounoyuuta/Desktop/【Spring-超入門】初心者向け『SpringによるWebアプリ』完全入門コース/SpringStart03/src/test/resources
2026-05-03 15:41:46,069 [Worker-15: ビルド] INFO  o.a.m.s.f.DefaultMavenResourcesFiltering - Copying 0 resource from src/main/resources to target/classes
2026-05-03 15:41:46,070 [Worker-15: ビルド] INFO  o.a.m.s.f.DefaultMavenResourcesFiltering - Copying 0 resource from src/main/resources to target/classes
2026-05-03 15:41:46,072 [Worker-15: ビルド] INFO  o.a.m.s.f.DefaultMavenResourcesFiltering - skip non existing resourceDirectory /Users/kounoyuuta/Desktop/【Spring-超入門】初心者向け『SpringによるWebアプリ』完全入門コース/SpringStart03/src/test/resources
2026-05-03 15:43:16,047 [Worker-3: ビルド] INFO  o.a.m.s.f.DefaultMavenResourcesFiltering - Copying 1 resource from src/main/resources to target/classes
2026-05-03 15:43:16,085 [Worker-3: ビルド] INFO  o.a.m.s.f.DefaultMavenResourcesFiltering - Copying 0 resource from src/main/resources to target/classes
2026-05-03 15:43:16,087 [Worker-3: ビルド] INFO  o.a.m.s.f.DefaultMavenResourcesFiltering - skip non existing resourceDirectory /Users/kounoyuuta/Desktop/【Spring-超入門】初心者向け『SpringによるWebアプリ』完全入門コース/SpringStart03/src/test/resources
2026-05-03 15:43:21,402 [Worker-14: ビルド] INFO  o.a.m.s.f.DefaultMavenResourcesFiltering - Copying 1 resource from src/main/resources to target/classes
2026-05-03 15:43:21,416 [Worker-14: ビルド] INFO  o.a.m.s.f.DefaultMavenResourcesFiltering - Copying 0 resource from src/main/resources to target/classes
2026-05-03 15:43:21,419 [Worker-14: ビルド] INFO  o.a.m.s.f.DefaultMavenResourcesFiltering - skip non existing resourceDirectory /Users/kounoyuuta/Desktop/【Spring-超入門】初心者向け『SpringによるWebアプリ』完全入門コース/SpringStart03/src/test/resources
2026-05-03 15:43:30,316 [Worker-3: ビルド] INFO  o.a.m.s.f.DefaultMavenResourcesFiltering - Copying 0 resource from src/main/resources to target/classes
2026-05-03 15:43:30,318 [Worker-3: ビルド] INFO  o.a.m.s.f.DefaultMavenResourcesFiltering - Copying 0 resource from src/main/resources to target/classes
2026-05-03 15:43:30,319 [Worker-3: ビルド] INFO  o.a.m.s.f.DefaultMavenResourcesFiltering - skip non existing resourceDirectory /Users/kounoyuuta/Desktop/【Spring-超入門】初心者向け『SpringによるWebアプリ』完全入門コース/SpringStart03/src/test/resources
2026-05-03 15:51:03,850 [Worker-2: ビルド] INFO  o.a.m.s.f.DefaultMavenResourcesFiltering - Copying 1 resource from src/main/resources to target/classes
2026-05-03 15:51:03,867 [Worker-2: ビルド] INFO  o.a.m.s.f.DefaultMavenResourcesFiltering - Copying 0 resource from src/main/resources to target/classes
2026-05-03 15:51:03,869 [Worker-2: ビルド] INFO  o.a.m.s.f.DefaultMavenResourcesFiltering - skip non existing resourceDirectory /Users/kounoyuuta/Desktop/【Spring-超入門】初心者向け『SpringによるWebアプリ』完全入門コース/SpringStart03/src/test/resources
2026-05-03 15:52:21,703 [Worker-14: ビルド] INFO  o.a.m.s.f.DefaultMavenResourcesFiltering - Copying 0 resource from src/main/resources to target/classes
2026-05-03 15:52:21,709 [Worker-14: ビルド] INFO  o.a.m.s.f.DefaultMavenResourcesFiltering - Copying 1 resource from src/main/resources to target/classes
2026-05-03 15:52:21,749 [Worker-14: ビルド] INFO  o.a.m.s.f.DefaultMavenResourcesFiltering - skip non existing resourceDirectory /Users/kounoyuuta/Desktop/【Spring-超入門】初心者向け『SpringによるWebアプリ』完全入門コース/SpringStart03/src/test/resources
2026-05-03 15:52:27,634 [Worker-17: ビルド] INFO  o.a.m.s.f.DefaultMavenResourcesFiltering - Copying 1 resource from src/main/resources to target/classes
2026-05-03 15:52:27,687 [Worker-17: ビルド] INFO  o.a.m.s.f.DefaultMavenResourcesFiltering - Copying 1 resource from src/main/resources to target/classes
2026-05-03 15:52:27,689 [Worker-17: ビルド] INFO  o.a.m.s.f.DefaultMavenResourcesFiltering - skip non existing resourceDirectory /Users/kounoyuuta/Desktop/【Spring-超入門】初心者向け『SpringによるWebアプリ』完全入門コース/SpringStart03/src/test/resources
2026-05-03 15:56:47,163 [Worker-20: ビルド] INFO  o.a.m.s.f.DefaultMavenResourcesFiltering - Copying 0 resource from src/main/resources to target/classes
2026-05-03 15:56:47,182 [Worker-20: ビルド] INFO  o.a.m.s.f.DefaultMavenResourcesFiltering - Copying 1 resource from src/main/resources to target/classes
2026-05-03 15:56:47,195 [Worker-20: ビルド] INFO  o.a.m.s.f.DefaultMavenResourcesFiltering - skip non existing resourceDirectory /Users/kounoyuuta/Desktop/【Spring-超入門】初心者向け『SpringによるWebアプリ』完全入門コース/SpringStart03/src/test/resources
2026-05-03 15:57:00,283 [Worker-2: ビルド] INFO  o.a.m.s.f.DefaultMavenResourcesFiltering - Copying 0 resource from src/main/resources to target/classes
2026-05-03 15:57:00,285 [Worker-2: ビルド] INFO  o.a.m.s.f.DefaultMavenResourcesFiltering - Copying 0 resource from src/main/resources to target/classes
2026-05-03 15:57:00,291 [Worker-2: ビルド] INFO  o.a.m.s.f.DefaultMavenResourcesFiltering - skip non existing resourceDirectory /Users/kounoyuuta/Desktop/【Spring-超入門】初心者向け『SpringによるWebアプリ』完全入門コース/SpringStart03/src/test/resources
2026-05-03 15:59:37,956 [Worker-21: ビルド] INFO  o.a.m.s.f.DefaultMavenResourcesFiltering - Copying 1 resource from src/main/resources to target/classes
2026-05-03 15:59:38,026 [Worker-21: ビルド] INFO  o.a.m.s.f.DefaultMavenResourcesFiltering - Copying 1 resource from src/main/resources to target/classes
2026-05-03 15:59:38,028 [Worker-21: ビルド] INFO  o.a.m.s.f.DefaultMavenResourcesFiltering - skip non existing resourceDirectory /Users/kounoyuuta/Desktop/【Spring-超入門】初心者向け『SpringによるWebアプリ』完全入門コース/SpringStart03/src/test/resources
2026-05-03 15:59:56,674 [Worker-20: ビルド] INFO  o.a.m.s.f.DefaultMavenResourcesFiltering - Copying 0 resource from src/main/resources to target/classes
2026-05-03 15:59:56,675 [Worker-20: ビルド] INFO  o.a.m.s.f.DefaultMavenResourcesFiltering - Copying 0 resource from src/main/resources to target/classes
2026-05-03 15:59:56,677 [Worker-20: ビルド] INFO  o.a.m.s.f.DefaultMavenResourcesFiltering - skip non existing resourceDirectory /Users/kounoyuuta/Desktop/【Spring-超入門】初心者向け『SpringによるWebアプリ』完全入門コース/SpringStart03/src/test/resources
